[16:24:22.49] /m Information: License 'SAE' checked out. (LICENSE-003)
[16:24:24.29] /o sae_shell Version Custom Compiler M-2017.03-SP1-1
              /c Build  (OPT) compiled on Thu Jun 29 08:54:37 2017 for RHEL64 6.6
              /c Execution time: Wed Oct 11 16:24:20 2017
              /c Host: linux60814
              /c 
              /c Copyright © 2004-2017 Synopsys, Inc.
              /c This software and the associated documentation are proprietary to Synopsys, Inc. This software may only be used in accordance with the terms and conditions of a written license agreement with Synopsys, Inc. All other use, reproduction, or distribution of this software is strictly prohibited.
              /c 
              /c 
[16:24:24.35] /o 	############################################
[16:24:24.35] /o 	        Synopsys Generic 90nm iPDK          
[16:24:24.35] /o 	--------------------------------------------
[16:24:24.35] /o 	Release Date .............. : 11-May-2016    
[16:24:24.35] /o 	============================================
[16:24:24.35] /o 	        Recommended Tool Versions           
[16:24:24.35] /o 	--------------------------------------------
[16:24:24.35] /o 	Custom Designer ........... : J-2014.12-2    
[16:24:24.35] /o 	IC Validator .............. : K-2015.12   
[16:24:24.35] /o 	StarRC..................... : K-2015.12  
[16:24:24.35] /o 	--------------------------------------------
[16:24:24.35] /o 	############################################
[16:24:24.35] /o 
[16:24:24.36] /o SAED PDK 90: Loaded callbacks
[16:24:24.37] /o SAED PDK 90: Loaded display resources
[16:24:24.37] /i ::sa::_backgroundSaeShell::signalProcessReady 1507764260
[16:24:24.38] /o saeInterBGSaeShell:  ::sa::_backgroundSaeShell::processReady 4
[16:25:56.82] /i ::sa::_backgroundSaeShell::runScript /DCNFS/users/student/yli1/simulation/lab3/inverter_tb/schematic/HSPICE/nominal/.bg_measurement_script.tcl sa::_resultsDatabase::saeShellProcessingCompletedProc testSuiteName saeSession0 testbenchName default resultsDir /DCNFS/users/student/yli1/simulation/lab3/inverter_tb/schematic/HSPICE/nominal/results testSuiteDir /DCNFS/users/student/yli1/simulation/lab3/inverter_tb/schematic/HSPICE/nominal databaseName /DCNFS/users/student/yli1/simulation/lab3/inverter_tb/schematic/HSPICE/nominal/resultsDatabase remoteRun {} testbenchId 1
[16:25:57.13] /m Information: Expression 'v(/Vout)' did not evaluate: No results found.
[16:25:57.13] /m Information: Expression 'v(/Vin)' did not evaluate: No results found.
[16:25:57.17] /o saeInterBGSaeShell:  ::sa::_backgroundSaeShell::scriptFinished 0.3 {} sa::_resultsDatabase::saeShellProcessingCompletedProc testSuiteName saeSession0 testbenchName default resultsDir /DCNFS/users/student/yli1/simulation/lab3/inverter_tb/schematic/HSPICE/nominal/results testSuiteDir /DCNFS/users/student/yli1/simulation/lab3/inverter_tb/schematic/HSPICE/nominal databaseName /DCNFS/users/student/yli1/simulation/lab3/inverter_tb/schematic/HSPICE/nominal/resultsDatabase remoteRun {} testbenchId 1
[16:25:57.17] /o false
[16:30:11.49] /i ::sa::_backgroundSaeShell::exit
[16:30:11.49] /o saeInterBGSaeShell:  ::sa::_backgroundSaeShell::childFormallyExiting
[16:30:11.76] /m Information: License 'Advanced' checked in. (LICENSE-004)
[16:30:11.76] /m Information: License 'Basic' checked in. (LICENSE-004)
[16:30:11.76] /m Information: License 'SAE' checked in. (LICENSE-004)
