[19:02:24.98] /o 
              /c                                 Custom Compiler 
              /c 
              /c               Version M-2017.03-SP1-1 for linux64 - Jun 29, 2017 
              /c 
              /c                     Copyright (c) 2004 - 2017 Synopsys, Inc.
              /c    This software and the associated documentation are proprietary to Synopsys,
              /c  Inc. This software may only be used in accordance with the terms and conditions
              /c  of a written license agreement with Synopsys, Inc. All other use, reproduction,
              /c             or distribution of this software is strictly prohibited.
              /c 
              /c Build  (OPT) Config 3718339 compiled on Thu Jun 29 08:54:37 2017 for RHEL64 6.6
              /c Invocation: /DCNFS/applications/synopsys/2017/app/customcompiler/M-2017.03-SP1-1/linux64/platform/bin/custom_compiler
              /c Execution time: Tue Nov 28 19:02:23 2017
              /c Host: linux60817
              /c Working directory: /DCNFS/users/student/yli1/ELEN153/C2mos
              /c 
[19:02:28.52] /w Warning: The file 'lib.defs' does not exist in search path (DATA_MANAGEMENT-013)
[19:02:28.55] /r giShowFrameTabs true
[19:02:28.55] /r giWindowId 1
[19:02:28.56] /r giWindowGeometry 1040x800
[19:02:29.55] /# gi::pressButton {/scroll/scrollArea/scrollAreaInnerWidget/applications/dmLibraryManager} -in [gi::getWindows 1]
[19:02:29.56] /# 
[19:02:29.56] /i dm::openLibraryManager
[19:02:29.56] /r giWindowId 2
[19:02:29.56] /r giWindowGeometry 660x600+50+75
[19:02:29.60] /o oa:0x2456d330
[19:02:31.58] /i exit
[19:02:31.60] /r giDialog gi::setActiveDialog [gi::getDialogs {deExitDialog}]
[19:02:31.90] /r giDialog db::setAttr geometry -of [gi::getDialogs {deExitDialog}] -value 420x156+750+522
[19:02:32.53] /r giDialog gi::pressButton {ok} -in [gi::getDialogs {deExitDialog}]
[19:02:32.54] /i gi::setActiveWindow 1
[19:02:32.54] /i gi::setActiveWindow 1 -raise true
[19:02:32.81] /o Shutdown time: Tue Nov 28 19:02:32 2017
[19:02:32.81] /o Elapsed session real time: 0.13 minutes
[19:02:32.81] /o Session terminated. Log is at /DCNFS/users/student/yli1/ELEN153/C2mos/synopsys_custom/logs/ccompiler.yli1.2017_11_28_190223_4220.log
