[15:57:01.74] /o 
              /c                                 Custom Compiler 
              /c 
              /c               Version M-2017.03-SP1-1 for linux64 - Jun 29, 2017 
              /c 
              /c                     Copyright (c) 2004 - 2017 Synopsys, Inc.
              /c    This software and the associated documentation are proprietary to Synopsys,
              /c  Inc. This software may only be used in accordance with the terms and conditions
              /c  of a written license agreement with Synopsys, Inc. All other use, reproduction,
              /c             or distribution of this software is strictly prohibited.
              /c 
              /c Build  (OPT) Config 3718339 compiled on Thu Jun 29 08:54:37 2017 for RHEL64 6.6
              /c Invocation: /DCNFS/applications/synopsys/2017/app/customcompiler/M-2017.03-SP1-1/linux64/platform/bin/custom_compiler
              /c Execution time: Tue Nov 28 15:56:59 2017
              /c Host: linux60821
              /c Working directory: /DCNFS/users/student/yli1/ELEN153
              /c 
[15:57:04.77] /r giShowFrameTabs true
[15:57:04.77] /r giWindowId 1
[15:57:04.77] /r giWindowGeometry 1040x800
[15:57:06.87] /# gi::pressButton {/scroll/scrollArea/scrollAreaInnerWidget/applications/dmLibraryManager} -in [gi::getWindows 1]
[15:57:06.87] /# 
[15:57:06.88] /i dm::openLibraryManager
[15:57:06.88] /r giWindowId 2
[15:57:06.88] /r giWindowGeometry 660x600+50+75
[15:57:06.92] /o oa:0x21e72080
[15:57:09.19] /i gi::setCurrentIndex {libs} -index {SAED_PDK_90} -in [gi::getWindows 2]
[15:57:09.21] /i gi::setItemSelection {cellCategories} -index {All} -in [gi::getWindows 2]
[15:57:09.21] /i gi::setItemSelection {libs} -index {SAED_PDK_90} -in [gi::getWindows 2]
[15:57:11.97] /i gi::setCurrentIndex {libs} -index {analogLib} -in [gi::getWindows 2]
[15:57:12.04] /i gi::setItemSelection {cellCategories} -index {All} -in [gi::getWindows 2]
[15:57:12.04] /i gi::setItemSelection {libs} -index {analogLib} -in [gi::getWindows 2]
[15:57:12.75] /i gi::setCurrentIndex {libs} -index {basic} -in [gi::getWindows 2]
[15:57:12.77] /i gi::setItemSelection {cellCategories} -index {All} -in [gi::getWindows 2]
[15:57:12.77] /i gi::setItemSelection {libs} -index {basic} -in [gi::getWindows 2]
[15:57:15.27] /i exit
[15:57:15.30] /r giDialog gi::setActiveDialog [gi::getDialogs {deExitDialog}]
[15:57:15.60] /r giDialog db::setAttr geometry -of [gi::getDialogs {deExitDialog}] -value 420x156+750+522
[15:57:16.59] /r giDialog gi::pressButton {ok} -in [gi::getDialogs {deExitDialog}]
[15:57:16.61] /i gi::setActiveWindow 1
[15:57:16.61] /i gi::setActiveWindow 1 -raise true
[15:57:16.82] /o Shutdown time: Tue Nov 28 15:57:16 2017
[15:57:16.82] /o Elapsed session real time: 0.25 minutes
[15:57:16.82] /o Session terminated. Log is at /DCNFS/users/student/yli1/ELEN153/synopsys_custom/logs/ccompiler.yli1.2017_11_28_155659_5567.log
