[16:50:14.60] /m Information: License 'SAE' checked out. (LICENSE-003)
[16:50:17.14] /o sae_shell Version Custom Compiler M-2017.03-SP1-1
              /c Build  (OPT) compiled on Thu Jun 29 08:54:37 2017 for RHEL64 6.6
              /c Execution time: Wed Nov 15 16:50:13 2017
              /c Host: linux60818
              /c 
              /c Copyright © 2004-2017 Synopsys, Inc.
              /c This software and the associated documentation are proprietary to Synopsys, Inc. This software may only be used in accordance with the terms and conditions of a written license agreement with Synopsys, Inc. All other use, reproduction, or distribution of this software is strictly prohibited.
              /c 
              /c 
[16:50:17.25] /o 	############################################
[16:50:17.25] /o 	        Synopsys Generic 90nm iPDK          
[16:50:17.25] /o 	--------------------------------------------
[16:50:17.25] /o 	Release Date .............. : 11-May-2016    
[16:50:17.25] /o 	============================================
[16:50:17.25] /o 	        Recommended Tool Versions           
[16:50:17.25] /o 	--------------------------------------------
[16:50:17.25] /o 	Custom Designer ........... : J-2014.12-2    
[16:50:17.25] /o 	IC Validator .............. : K-2015.12   
[16:50:17.25] /o 	StarRC..................... : K-2015.12  
[16:50:17.25] /o 	--------------------------------------------
[16:50:17.25] /o 	############################################
[16:50:17.25] /o 
[16:50:17.27] /o SAED PDK 90: Loaded callbacks
[16:50:17.28] /o SAED PDK 90: Loaded display resources
[16:50:17.29] /i ::sa::_backgroundSaeShell::signalProcessReady 1510793412
[16:50:17.29] /o saeInterBGSaeShell:  ::sa::_backgroundSaeShell::processReady 5
[16:50:17.29] /i ::sa::_backgroundSaeShell::exit
[16:50:17.29] /o saeInterBGSaeShell:  ::sa::_backgroundSaeShell::childFormallyExiting
[16:50:17.53] /m Information: License 'Schematic' checked in. (LICENSE-004)
[16:50:17.53] /m Information: License 'SAE' checked in. (LICENSE-004)
