[17:21:13.59] /m Information: License 'SAE' checked out. (LICENSE-003)
[17:21:15.90] /o sae_shell Version Custom Compiler M-2017.03-SP1-1
              /c Build  (OPT) compiled on Thu Jun 29 08:54:37 2017 for RHEL64 6.6
              /c Execution time: Wed Nov 29 17:21:12 2017
              /c Host: linux60825
              /c 
              /c Copyright © 2004-2017 Synopsys, Inc.
              /c This software and the associated documentation are proprietary to Synopsys, Inc. This software may only be used in accordance with the terms and conditions of a written license agreement with Synopsys, Inc. All other use, reproduction, or distribution of this software is strictly prohibited.
              /c 
              /c 
[17:21:16.07] /o 	############################################
[17:21:16.07] /o 	        Synopsys Generic 90nm iPDK          
[17:21:16.07] /o 	--------------------------------------------
[17:21:16.07] /o 	Release Date .............. : 11-May-2016    
[17:21:16.07] /o 	============================================
[17:21:16.07] /o 	        Recommended Tool Versions           
[17:21:16.07] /o 	--------------------------------------------
[17:21:16.07] /o 	Custom Designer ........... : J-2014.12-2    
[17:21:16.07] /o 	IC Validator .............. : K-2015.12   
[17:21:16.07] /o 	StarRC..................... : K-2015.12  
[17:21:16.07] /o 	--------------------------------------------
[17:21:16.07] /o 	############################################
[17:21:16.07] /o 
[17:21:16.10] /o SAED PDK 90: Loaded callbacks
[17:21:16.11] /o SAED PDK 90: Loaded display resources
[17:21:16.12] /i ::sa::_backgroundSaeShell::signalProcessReady 1512004871
[17:21:16.12] /o saeInterBGSaeShell:  ::sa::_backgroundSaeShell::processReady 5
[17:22:04.44] /i ::sa::_backgroundSaeShell::runScript /DCNFS/users/student/yli1/simulation/C2mos/testbench/schematic/HSPICE/nominal/.bg_measurement_script.tcl sa::_resultsDatabase::saeShellProcessingCompletedProc testSuiteName saeSession23 testbenchName default resultsDir /DCNFS/users/student/yli1/simulation/C2mos/testbench/schematic/HSPICE/nominal/results testSuiteDir /DCNFS/users/student/yli1/simulation/C2mos/testbench/schematic/HSPICE/nominal databaseName /DCNFS/users/student/yli1/simulation/C2mos/testbench/schematic/HSPICE/nominal/resultsDatabase remoteRun {} testbenchId 1
[17:22:04.81] /m Information: Started sharing "Custom WaveView ADV" license. (WAVEFORM-110)
[17:22:04.87] /o saeInterBGSaeShell:  ::sa::_backgroundSaeShell::scriptFinished 0.4 {} sa::_resultsDatabase::saeShellProcessingCompletedProc testSuiteName saeSession23 testbenchName default resultsDir /DCNFS/users/student/yli1/simulation/C2mos/testbench/schematic/HSPICE/nominal/results testSuiteDir /DCNFS/users/student/yli1/simulation/C2mos/testbench/schematic/HSPICE/nominal databaseName /DCNFS/users/student/yli1/simulation/C2mos/testbench/schematic/HSPICE/nominal/resultsDatabase remoteRun {} testbenchId 1
[17:22:04.87] /o false
[17:27:05.15] /o saeInterBGSaeShell:  ::sa::_backgroundSaeShell::pingBack
[17:27:05.15] /i ::sa::_backgroundSaeShell::parentRunning
[17:27:05.15] /o 1512005225
[17:27:09.84] /m Information: Stopped sharing "Custom WaveView ADV" license. (WAVEFORM-111)
[17:32:06.17] /o saeInterBGSaeShell:  ::sa::_backgroundSaeShell::pingBack
[17:32:06.25] /i ::sa::_backgroundSaeShell::parentRunning
[17:32:06.25] /o 1512005526
[17:37:07.19] /o saeInterBGSaeShell:  ::sa::_backgroundSaeShell::pingBack
[17:37:07.27] /i ::sa::_backgroundSaeShell::parentRunning
[17:37:07.27] /o 1512005827
[17:38:30.14] /i ::sa::_backgroundSaeShell::exit
[17:38:30.14] /o saeInterBGSaeShell:  ::sa::_backgroundSaeShell::childFormallyExiting
[17:38:30.45] /m Information: License 'Advanced' checked in. (LICENSE-004)
[17:38:30.45] /m Information: License 'Basic' checked in. (LICENSE-004)
[17:38:30.45] /m Information: License 'SAE' checked in. (LICENSE-004)
