[16:30:56.94] /m Information: License 'SAE' checked out. (LICENSE-003)
[16:30:59.41] /o sae_shell Version Custom Compiler M-2017.03-SP1-1
              /c Build  (OPT) compiled on Thu Jun 29 08:54:37 2017 for RHEL64 6.6
              /c Execution time: Wed Nov 29 16:30:55 2017
              /c Host: linux60825
              /c 
              /c Copyright © 2004-2017 Synopsys, Inc.
              /c This software and the associated documentation are proprietary to Synopsys, Inc. This software may only be used in accordance with the terms and conditions of a written license agreement with Synopsys, Inc. All other use, reproduction, or distribution of this software is strictly prohibited.
              /c 
              /c 
[16:30:59.51] /o 	############################################
[16:30:59.51] /o 	        Synopsys Generic 90nm iPDK          
[16:30:59.51] /o 	--------------------------------------------
[16:30:59.51] /o 	Release Date .............. : 11-May-2016    
[16:30:59.51] /o 	============================================
[16:30:59.51] /o 	        Recommended Tool Versions           
[16:30:59.51] /o 	--------------------------------------------
[16:30:59.51] /o 	Custom Designer ........... : J-2014.12-2    
[16:30:59.51] /o 	IC Validator .............. : K-2015.12   
[16:30:59.51] /o 	StarRC..................... : K-2015.12  
[16:30:59.51] /o 	--------------------------------------------
[16:30:59.51] /o 	############################################
[16:30:59.51] /o 
[16:30:59.52] /o SAED PDK 90: Loaded callbacks
[16:30:59.53] /o SAED PDK 90: Loaded display resources
[16:30:59.54] /i ::sa::_backgroundSaeShell::signalProcessReady 1512001855
[16:30:59.55] /o saeInterBGSaeShell:  ::sa::_backgroundSaeShell::processReady 4
[16:31:20.66] /i ::sa::_backgroundSaeShell::runScript /DCNFS/users/student/yli1/simulation/C2mos/testbench/schematic/HSPICE/nominal/.bg_measurement_script.tcl sa::_resultsDatabase::saeShellProcessingCompletedProc testSuiteName saeSession8 testbenchName default resultsDir /DCNFS/users/student/yli1/simulation/C2mos/testbench/schematic/HSPICE/nominal/results testSuiteDir /DCNFS/users/student/yli1/simulation/C2mos/testbench/schematic/HSPICE/nominal databaseName /DCNFS/users/student/yli1/simulation/C2mos/testbench/schematic/HSPICE/nominal/resultsDatabase remoteRun {} testbenchId 1
[16:31:21.06] /m Information: Started sharing "Custom WaveView ADV" license. (WAVEFORM-110)
[16:31:21.11] /o saeInterBGSaeShell:  ::sa::_backgroundSaeShell::scriptFinished 0.4 {} sa::_resultsDatabase::saeShellProcessingCompletedProc testSuiteName saeSession8 testbenchName default resultsDir /DCNFS/users/student/yli1/simulation/C2mos/testbench/schematic/HSPICE/nominal/results testSuiteDir /DCNFS/users/student/yli1/simulation/C2mos/testbench/schematic/HSPICE/nominal databaseName /DCNFS/users/student/yli1/simulation/C2mos/testbench/schematic/HSPICE/nominal/resultsDatabase remoteRun {} testbenchId 1
[16:31:21.11] /o false
[16:32:21.50] /i ::wf::viewerExited
[16:32:31.37] /i ::sa::_backgroundSaeShell::exit
[16:32:31.37] /o saeInterBGSaeShell:  ::sa::_backgroundSaeShell::childFormallyExiting
[16:32:31.71] /m Information: License 'Advanced' checked in. (LICENSE-004)
[16:32:31.71] /m Information: License 'Basic' checked in. (LICENSE-004)
[16:32:31.71] /m Information: License 'SAE' checked in. (LICENSE-004)
