[16:05:42.53] /m Information: License 'SAE' checked out. (LICENSE-003)
[16:05:45.22] /o sae_shell Version Custom Compiler M-2017.03-SP1-1
              /c Build  (OPT) compiled on Thu Jun 29 08:54:37 2017 for RHEL64 6.6
              /c Execution time: Wed Nov 15 16:05:41 2017
              /c Host: linux60818
              /c 
              /c Copyright © 2004-2017 Synopsys, Inc.
              /c This software and the associated documentation are proprietary to Synopsys, Inc. This software may only be used in accordance with the terms and conditions of a written license agreement with Synopsys, Inc. All other use, reproduction, or distribution of this software is strictly prohibited.
              /c 
              /c 
[16:05:45.29] /o 	############################################
[16:05:45.29] /o 	        Synopsys Generic 90nm iPDK          
[16:05:45.29] /o 	--------------------------------------------
[16:05:45.29] /o 	Release Date .............. : 11-May-2016    
[16:05:45.29] /o 	============================================
[16:05:45.29] /o 	        Recommended Tool Versions           
[16:05:45.29] /o 	--------------------------------------------
[16:05:45.29] /o 	Custom Designer ........... : J-2014.12-2    
[16:05:45.29] /o 	IC Validator .............. : K-2015.12   
[16:05:45.29] /o 	StarRC..................... : K-2015.12  
[16:05:45.29] /o 	--------------------------------------------
[16:05:45.29] /o 	############################################
[16:05:45.29] /o 
[16:05:45.30] /o SAED PDK 90: Loaded callbacks
[16:05:45.31] /o SAED PDK 90: Loaded display resources
[16:05:45.32] /i ::sa::_backgroundSaeShell::signalProcessReady 1510790740
[16:05:45.32] /o saeInterBGSaeShell:  ::sa::_backgroundSaeShell::processReady 5
[16:06:22.57] /i ::sa::_backgroundSaeShell::runScript /DCNFS/users/student/yli1/simulation/C2mos/testbench/schematic/HSPICE/nominal/.bg_measurement_script.tcl sa::_resultsDatabase::saeShellProcessingCompletedProc testSuiteName saeSession8 testbenchName default resultsDir /DCNFS/users/student/yli1/simulation/C2mos/testbench/schematic/HSPICE/nominal/results testSuiteDir /DCNFS/users/student/yli1/simulation/C2mos/testbench/schematic/HSPICE/nominal databaseName /DCNFS/users/student/yli1/simulation/C2mos/testbench/schematic/HSPICE/nominal/resultsDatabase remoteRun {} testbenchId 1
[16:06:22.97] /m Information: Started sharing "Custom WaveView ADV" license. (WAVEFORM-110)
[16:06:23.03] /o saeInterBGSaeShell:  ::sa::_backgroundSaeShell::scriptFinished 0.4 {} sa::_resultsDatabase::saeShellProcessingCompletedProc testSuiteName saeSession8 testbenchName default resultsDir /DCNFS/users/student/yli1/simulation/C2mos/testbench/schematic/HSPICE/nominal/results testSuiteDir /DCNFS/users/student/yli1/simulation/C2mos/testbench/schematic/HSPICE/nominal databaseName /DCNFS/users/student/yli1/simulation/C2mos/testbench/schematic/HSPICE/nominal/resultsDatabase remoteRun {} testbenchId 1
[16:06:23.03] /o false
[16:09:39.63] /i ::wf::viewerExited
[16:10:09.38] /i ::sa::_backgroundSaeShell::exit
[16:10:09.38] /o saeInterBGSaeShell:  ::sa::_backgroundSaeShell::childFormallyExiting
[16:10:09.70] /m Information: License 'Schematic' checked in. (LICENSE-004)
[16:10:09.70] /m Information: License 'SAE' checked in. (LICENSE-004)
