[15:19:17.02] /m Information: License 'SAE' checked out. (LICENSE-003)
[15:19:18.73] /o sae_shell Version Custom Compiler M-2017.03-SP1-1
              /c Build  (OPT) compiled on Thu Jun 29 08:54:37 2017 for RHEL64 6.6
              /c Execution time: Wed Nov 15 15:19:15 2017
              /c Host: linux60818
              /c 
              /c Copyright © 2004-2017 Synopsys, Inc.
              /c This software and the associated documentation are proprietary to Synopsys, Inc. This software may only be used in accordance with the terms and conditions of a written license agreement with Synopsys, Inc. All other use, reproduction, or distribution of this software is strictly prohibited.
              /c 
              /c 
[15:19:18.77] /o 	############################################
[15:19:18.77] /o 	        Synopsys Generic 90nm iPDK          
[15:19:18.77] /o 	--------------------------------------------
[15:19:18.77] /o 	Release Date .............. : 11-May-2016    
[15:19:18.77] /o 	============================================
[15:19:18.77] /o 	        Recommended Tool Versions           
[15:19:18.77] /o 	--------------------------------------------
[15:19:18.77] /o 	Custom Designer ........... : J-2014.12-2    
[15:19:18.77] /o 	IC Validator .............. : K-2015.12   
[15:19:18.77] /o 	StarRC..................... : K-2015.12  
[15:19:18.77] /o 	--------------------------------------------
[15:19:18.77] /o 	############################################
[15:19:18.77] /o 
[15:19:18.78] /o SAED PDK 90: Loaded callbacks
[15:19:18.78] /o SAED PDK 90: Loaded display resources
[15:19:18.79] /i ::sa::_backgroundSaeShell::signalProcessReady 1510787955
[15:19:18.79] /o saeInterBGSaeShell:  ::sa::_backgroundSaeShell::processReady 3
[15:22:18.54] /i ::sa::_backgroundSaeShell::runScript /DCNFS/users/student/yli1/simulation/C2mos/testbench/schematic/HSPICE/nominal/.bg_measurement_script.tcl sa::_resultsDatabase::saeShellProcessingCompletedProc testSuiteName saeSession4 testbenchName default resultsDir /DCNFS/users/student/yli1/simulation/C2mos/testbench/schematic/HSPICE/nominal/results testSuiteDir /DCNFS/users/student/yli1/simulation/C2mos/testbench/schematic/HSPICE/nominal databaseName /DCNFS/users/student/yli1/simulation/C2mos/testbench/schematic/HSPICE/nominal/resultsDatabase remoteRun {} testbenchId 1
[15:22:18.91] /m Information: Started sharing "Custom WaveView ADV" license. (WAVEFORM-110)
[15:22:18.97] /o saeInterBGSaeShell:  ::sa::_backgroundSaeShell::scriptFinished 0.4 {} sa::_resultsDatabase::saeShellProcessingCompletedProc testSuiteName saeSession4 testbenchName default resultsDir /DCNFS/users/student/yli1/simulation/C2mos/testbench/schematic/HSPICE/nominal/results testSuiteDir /DCNFS/users/student/yli1/simulation/C2mos/testbench/schematic/HSPICE/nominal databaseName /DCNFS/users/student/yli1/simulation/C2mos/testbench/schematic/HSPICE/nominal/resultsDatabase remoteRun {} testbenchId 1
[15:22:18.97] /o false
[15:23:19.83] /i ::wf::viewerExited
[15:23:39.91] /i ::sa::_backgroundSaeShell::runScript /DCNFS/users/student/yli1/simulation/C2mos/testbench/schematic/HSPICE/nominal/.bg_measurement_script.tcl sa::_resultsDatabase::saeShellProcessingCompletedProc testSuiteName saeSession4 testbenchName default resultsDir /DCNFS/users/student/yli1/simulation/C2mos/testbench/schematic/HSPICE/nominal/results testSuiteDir /DCNFS/users/student/yli1/simulation/C2mos/testbench/schematic/HSPICE/nominal databaseName /DCNFS/users/student/yli1/simulation/C2mos/testbench/schematic/HSPICE/nominal/resultsDatabase remoteRun {} testbenchId 1
[15:23:40.31] /o saeInterBGSaeShell:  ::sa::_backgroundSaeShell::scriptFinished 0.3 {} sa::_resultsDatabase::saeShellProcessingCompletedProc testSuiteName saeSession4 testbenchName default resultsDir /DCNFS/users/student/yli1/simulation/C2mos/testbench/schematic/HSPICE/nominal/results testSuiteDir /DCNFS/users/student/yli1/simulation/C2mos/testbench/schematic/HSPICE/nominal databaseName /DCNFS/users/student/yli1/simulation/C2mos/testbench/schematic/HSPICE/nominal/resultsDatabase remoteRun {} testbenchId 1
[15:23:40.31] /o false
[15:28:41.83] /o saeInterBGSaeShell:  ::sa::_backgroundSaeShell::pingBack
[15:28:41.93] /i ::sa::_backgroundSaeShell::parentRunning
[15:28:41.93] /o 1510788521
[15:28:45.28] /m Information: Stopped sharing "Custom WaveView ADV" license. (WAVEFORM-111)
[15:32:38.25] /i ::sa::_backgroundSaeShell::runScript /DCNFS/users/student/yli1/simulation/C2mos/testbench/schematic/HSPICE/nominal/.bg_measurement_script.tcl sa::_resultsDatabase::saeShellProcessingCompletedProc testSuiteName saeSession4 testbenchName default resultsDir /DCNFS/users/student/yli1/simulation/C2mos/testbench/schematic/HSPICE/nominal/results testSuiteDir /DCNFS/users/student/yli1/simulation/C2mos/testbench/schematic/HSPICE/nominal databaseName /DCNFS/users/student/yli1/simulation/C2mos/testbench/schematic/HSPICE/nominal/resultsDatabase remoteRun {} testbenchId 1
[15:32:38.56] /m Information: Started sharing "Custom WaveView ADV" license. (WAVEFORM-110)
[15:32:38.63] /o saeInterBGSaeShell:  ::sa::_backgroundSaeShell::scriptFinished 0.3 {} sa::_resultsDatabase::saeShellProcessingCompletedProc testSuiteName saeSession4 testbenchName default resultsDir /DCNFS/users/student/yli1/simulation/C2mos/testbench/schematic/HSPICE/nominal/results testSuiteDir /DCNFS/users/student/yli1/simulation/C2mos/testbench/schematic/HSPICE/nominal databaseName /DCNFS/users/student/yli1/simulation/C2mos/testbench/schematic/HSPICE/nominal/resultsDatabase remoteRun {} testbenchId 1
[15:32:38.63] /o false
[15:37:39.85] /o saeInterBGSaeShell:  ::sa::_backgroundSaeShell::pingBack
[15:37:39.87] /i ::sa::_backgroundSaeShell::parentRunning
[15:37:39.87] /o 1510789059
[15:37:43.59] /m Information: Stopped sharing "Custom WaveView ADV" license. (WAVEFORM-111)
[15:39:48.69] /i ::sa::_backgroundSaeShell::exit
[15:39:48.69] /o saeInterBGSaeShell:  ::sa::_backgroundSaeShell::childFormallyExiting
[15:39:49.03] /m Information: License 'Schematic' checked in. (LICENSE-004)
[15:39:49.03] /m Information: License 'SAE' checked in. (LICENSE-004)
