[16:59:04.39] /m Information: License 'SAE' checked out. (LICENSE-003)
[16:59:06.34] /o sae_shell Version Custom Compiler M-2017.03-SP1-1
              /c Build  (OPT) compiled on Thu Jun 29 08:54:37 2017 for RHEL64 6.6
              /c Execution time: Wed Sep 27 16:59:03 2017
              /c Host: linux60805
              /c 
              /c Copyright © 2004-2017 Synopsys, Inc.
              /c This software and the associated documentation are proprietary to Synopsys, Inc. This software may only be used in accordance with the terms and conditions of a written license agreement with Synopsys, Inc. All other use, reproduction, or distribution of this software is strictly prohibited.
              /c 
              /c 
[16:59:06.40] /o 	############################################
[16:59:06.40] /o 	        Synopsys Generic 90nm iPDK          
[16:59:06.40] /o 	--------------------------------------------
[16:59:06.40] /o 	Release Date .............. : 11-May-2016    
[16:59:06.40] /o 	============================================
[16:59:06.40] /o 	        Recommended Tool Versions           
[16:59:06.40] /o 	--------------------------------------------
[16:59:06.40] /o 	Custom Designer ........... : J-2014.12-2    
[16:59:06.40] /o 	IC Validator .............. : K-2015.12   
[16:59:06.40] /o 	StarRC..................... : K-2015.12  
[16:59:06.40] /o 	--------------------------------------------
[16:59:06.40] /o 	############################################
[16:59:06.40] /o 
[16:59:06.41] /o SAED PDK 90: Loaded callbacks
[16:59:06.42] /o SAED PDK 90: Loaded display resources
[16:59:06.42] /i ::sa::_backgroundSaeShell::signalProcessReady 1506556742
[16:59:06.43] /o saeInterBGSaeShell:  ::sa::_backgroundSaeShell::processReady 4
[17:00:47.78] /i ::sa::_backgroundSaeShell::runScript /DCNFS/users/student/yli1/simulation/lab1/RCnetwork/schematic/HSPICE/parametric/.bg_measurement_script.tcl sa::_resultsDatabase::saeShellProcessingCompletedProc testSuiteName saeSession14 testbenchName default resultsDir /DCNFS/users/student/yli1/simulation/lab1/RCnetwork/schematic/HSPICE/parametric/results testSuiteDir /DCNFS/users/student/yli1/simulation/lab1/RCnetwork/schematic/HSPICE/parametric databaseName /DCNFS/users/student/yli1/simulation/lab1/RCnetwork/schematic/HSPICE/parametric/resultsDatabase remoteRun {} testbenchId 1
[17:00:48.14] /m Information: Started sharing "Custom WaveView ADV" license. (WAVEFORM-110)
[17:00:48.18] /o saeInterBGSaeShell:  ::sa::_backgroundSaeShell::scriptFinished 0.4 {} sa::_resultsDatabase::saeShellProcessingCompletedProc testSuiteName saeSession14 testbenchName default resultsDir /DCNFS/users/student/yli1/simulation/lab1/RCnetwork/schematic/HSPICE/parametric/results testSuiteDir /DCNFS/users/student/yli1/simulation/lab1/RCnetwork/schematic/HSPICE/parametric databaseName /DCNFS/users/student/yli1/simulation/lab1/RCnetwork/schematic/HSPICE/parametric/resultsDatabase remoteRun {} testbenchId 1
[17:00:48.18] /o false
[17:05:49.46] /o saeInterBGSaeShell:  ::sa::_backgroundSaeShell::pingBack
[17:05:49.49] /i ::sa::_backgroundSaeShell::parentRunning
[17:05:49.49] /o 1506557149
[17:05:53.16] /m Information: Stopped sharing "Custom WaveView ADV" license. (WAVEFORM-111)
[17:09:26.70] /i ::sa::_backgroundSaeShell::runScript /DCNFS/users/student/yli1/simulation/lab1/RCnetwork/schematic/HSPICE/parametric/.bg_measurement_script.tcl sa::_resultsDatabase::saeShellProcessingCompletedProc testSuiteName saeSession14 testbenchName default resultsDir /DCNFS/users/student/yli1/simulation/lab1/RCnetwork/schematic/HSPICE/parametric/results testSuiteDir /DCNFS/users/student/yli1/simulation/lab1/RCnetwork/schematic/HSPICE/parametric databaseName /DCNFS/users/student/yli1/simulation/lab1/RCnetwork/schematic/HSPICE/parametric/resultsDatabase remoteRun {} testbenchId 1
[17:09:26.99] /m Information: Started sharing "Custom WaveView ADV" license. (WAVEFORM-110)
[17:09:27.04] /o saeInterBGSaeShell:  ::sa::_backgroundSaeShell::scriptFinished 0.3 {} sa::_resultsDatabase::saeShellProcessingCompletedProc testSuiteName saeSession14 testbenchName default resultsDir /DCNFS/users/student/yli1/simulation/lab1/RCnetwork/schematic/HSPICE/parametric/results testSuiteDir /DCNFS/users/student/yli1/simulation/lab1/RCnetwork/schematic/HSPICE/parametric databaseName /DCNFS/users/student/yli1/simulation/lab1/RCnetwork/schematic/HSPICE/parametric/resultsDatabase remoteRun {} testbenchId 1
[17:09:27.04] /o false
[17:14:28.50] /o saeInterBGSaeShell:  ::sa::_backgroundSaeShell::pingBack
[17:14:28.51] /i ::sa::_backgroundSaeShell::parentRunning
[17:14:28.51] /o 1506557668
[17:14:32.01] /m Information: Stopped sharing "Custom WaveView ADV" license. (WAVEFORM-111)
[17:19:29.52] /o saeInterBGSaeShell:  ::sa::_backgroundSaeShell::pingBack
[17:19:29.58] /i ::sa::_backgroundSaeShell::parentRunning
[17:19:29.58] /o 1506557969
[17:24:30.54] /o saeInterBGSaeShell:  ::sa::_backgroundSaeShell::pingBack
[17:24:30.58] /i ::sa::_backgroundSaeShell::parentRunning
[17:24:30.58] /o 1506558270
[17:29:31.56] /o saeInterBGSaeShell:  ::sa::_backgroundSaeShell::pingBack
[17:29:31.58] /i ::sa::_backgroundSaeShell::parentRunning
[17:29:31.58] /o 1506558571
[17:34:32.58] /o saeInterBGSaeShell:  ::sa::_backgroundSaeShell::pingBack
[17:34:32.68] /i ::sa::_backgroundSaeShell::parentRunning
[17:34:32.68] /o 1506558872
[17:35:03.08] /i ::wf::viewerExited
[17:36:42.40] /i ::wf::viewerExited
[17:39:33.60] /o saeInterBGSaeShell:  ::sa::_backgroundSaeShell::pingBack
[17:39:33.67] /i ::sa::_backgroundSaeShell::parentRunning
[17:39:33.67] /o 1506559173
[17:43:03.99] /i ::wf::viewerExited
[17:44:34.62] /o saeInterBGSaeShell:  ::sa::_backgroundSaeShell::pingBack
[17:44:34.69] /i ::sa::_backgroundSaeShell::parentRunning
[17:44:34.69] /o 1506559474
[17:46:33.90] /i ::sa::_backgroundSaeShell::runScript /DCNFS/users/student/yli1/simulation/lab1/RCnetwork/schematic/HSPICE/parametric/.bg_measurement_script.tcl sa::_resultsDatabase::saeShellProcessingCompletedProc testSuiteName saeSession14 testbenchName default resultsDir /DCNFS/users/student/yli1/simulation/lab1/RCnetwork/schematic/HSPICE/parametric/results testSuiteDir /DCNFS/users/student/yli1/simulation/lab1/RCnetwork/schematic/HSPICE/parametric databaseName /DCNFS/users/student/yli1/simulation/lab1/RCnetwork/schematic/HSPICE/parametric/resultsDatabase remoteRun {} testbenchId 1
[17:46:34.18] /m Information: Started sharing "Custom WaveView ADV" license. (WAVEFORM-110)
[17:46:34.25] /o saeInterBGSaeShell:  ::sa::_backgroundSaeShell::scriptFinished 0.3 {} sa::_resultsDatabase::saeShellProcessingCompletedProc testSuiteName saeSession14 testbenchName default resultsDir /DCNFS/users/student/yli1/simulation/lab1/RCnetwork/schematic/HSPICE/parametric/results testSuiteDir /DCNFS/users/student/yli1/simulation/lab1/RCnetwork/schematic/HSPICE/parametric databaseName /DCNFS/users/student/yli1/simulation/lab1/RCnetwork/schematic/HSPICE/parametric/resultsDatabase remoteRun {} testbenchId 1
[17:46:34.25] /o false
[17:51:35.65] /o saeInterBGSaeShell:  ::sa::_backgroundSaeShell::pingBack
[17:51:35.71] /i ::sa::_backgroundSaeShell::parentRunning
[17:51:35.71] /o 1506559895
[17:51:39.20] /m Information: Stopped sharing "Custom WaveView ADV" license. (WAVEFORM-111)
[17:53:12.42] /i ::wf::viewerExited
[17:55:05.36] /i ::sa::_backgroundSaeShell::runScript /DCNFS/users/student/yli1/simulation/lab1/RCnetwork/schematic/HSPICE/parametric/.bg_measurement_script.tcl sa::_resultsDatabase::saeShellProcessingCompletedProc testSuiteName saeSession14 testbenchName default resultsDir /DCNFS/users/student/yli1/simulation/lab1/RCnetwork/schematic/HSPICE/parametric/results testSuiteDir /DCNFS/users/student/yli1/simulation/lab1/RCnetwork/schematic/HSPICE/parametric databaseName /DCNFS/users/student/yli1/simulation/lab1/RCnetwork/schematic/HSPICE/parametric/resultsDatabase remoteRun {} testbenchId 1
[17:55:05.61] /m Information: Started sharing "Custom WaveView ADV" license. (WAVEFORM-110)
[17:55:05.66] /o saeInterBGSaeShell:  ::sa::_backgroundSaeShell::scriptFinished 0.3 {} sa::_resultsDatabase::saeShellProcessingCompletedProc testSuiteName saeSession14 testbenchName default resultsDir /DCNFS/users/student/yli1/simulation/lab1/RCnetwork/schematic/HSPICE/parametric/results testSuiteDir /DCNFS/users/student/yli1/simulation/lab1/RCnetwork/schematic/HSPICE/parametric databaseName /DCNFS/users/student/yli1/simulation/lab1/RCnetwork/schematic/HSPICE/parametric/resultsDatabase remoteRun {} testbenchId 1
[17:55:05.66] /o false
[18:00:06.68] /o saeInterBGSaeShell:  ::sa::_backgroundSaeShell::pingBack
[18:00:06.77] /i ::sa::_backgroundSaeShell::parentRunning
[18:00:06.77] /o 1506560406
[18:00:10.63] /m Information: Stopped sharing "Custom WaveView ADV" license. (WAVEFORM-111)
[18:05:07.70] /o saeInterBGSaeShell:  ::sa::_backgroundSaeShell::pingBack
[18:05:07.76] /i ::sa::_backgroundSaeShell::parentRunning
[18:05:07.76] /o 1506560707
[18:08:41.48] /i ::wf::viewerExited
[18:10:08.72] /o saeInterBGSaeShell:  ::sa::_backgroundSaeShell::pingBack
[18:10:08.76] /i ::sa::_backgroundSaeShell::parentRunning
[18:10:08.77] /o 1506561008
[18:15:09.74] /o saeInterBGSaeShell:  ::sa::_backgroundSaeShell::pingBack
[18:15:09.76] /i ::sa::_backgroundSaeShell::parentRunning
[18:15:09.76] /o 1506561309
[18:15:48.54] /i ::sa::_backgroundSaeShell::exit
[18:15:48.54] /o saeInterBGSaeShell:  ::sa::_backgroundSaeShell::childFormallyExiting
[18:15:48.82] /m Information: License 'Schematic' checked in. (LICENSE-004)
[18:15:48.82] /m Information: License 'SAE' checked in. (LICENSE-004)
