[15:55:36.35] /m Information: License 'SAE' checked out. (LICENSE-003)
[15:55:38.11] /o sae_shell Version Custom Compiler M-2017.03-SP1-1
              /c Build  (OPT) compiled on Thu Jun 29 08:54:37 2017 for RHEL64 6.6
              /c Execution time: Tue Nov 28 15:55:34 2017
              /c Host: linux60821
              /c 
              /c Copyright © 2004-2017 Synopsys, Inc.
              /c This software and the associated documentation are proprietary to Synopsys, Inc. This software may only be used in accordance with the terms and conditions of a written license agreement with Synopsys, Inc. All other use, reproduction, or distribution of this software is strictly prohibited.
              /c 
              /c 
[15:55:38.19] /o 	############################################
[15:55:38.19] /o 	        Synopsys Generic 90nm iPDK          
[15:55:38.19] /o 	--------------------------------------------
[15:55:38.19] /o 	Release Date .............. : 11-May-2016    
[15:55:38.19] /o 	============================================
[15:55:38.19] /o 	        Recommended Tool Versions           
[15:55:38.19] /o 	--------------------------------------------
[15:55:38.19] /o 	Custom Designer ........... : J-2014.12-2    
[15:55:38.19] /o 	IC Validator .............. : K-2015.12   
[15:55:38.19] /o 	StarRC..................... : K-2015.12  
[15:55:38.19] /o 	--------------------------------------------
[15:55:38.19] /o 	############################################
[15:55:38.19] /o 
[15:55:38.20] /o SAED PDK 90: Loaded callbacks
[15:55:38.21] /o SAED PDK 90: Loaded display resources
[15:55:38.22] /i ::sa::_backgroundSaeShell::signalProcessReady 1511913334
[15:55:38.22] /o saeInterBGSaeShell:  ::sa::_backgroundSaeShell::processReady 4
[15:55:38.23] /i ::sa::_backgroundSaeShell::exit
[15:55:38.23] /o saeInterBGSaeShell:  ::sa::_backgroundSaeShell::childFormallyExiting
[15:55:38.47] /m Information: License 'Basic' checked in. (LICENSE-004)
[15:55:38.47] /m Information: License 'SAE' checked in. (LICENSE-004)
