[16:25:34.36] /m Information: License 'SAE' checked out. (LICENSE-003)
[16:25:36.41] /o sae_shell Version Custom Compiler M-2017.03-SP1-1
              /c Build  (OPT) compiled on Thu Jun 29 08:54:37 2017 for RHEL64 6.6
              /c Execution time: Wed Nov 29 16:25:33 2017
              /c Host: linux60825
              /c 
              /c Copyright © 2004-2017 Synopsys, Inc.
              /c This software and the associated documentation are proprietary to Synopsys, Inc. This software may only be used in accordance with the terms and conditions of a written license agreement with Synopsys, Inc. All other use, reproduction, or distribution of this software is strictly prohibited.
              /c 
              /c 
[16:25:36.50] /o 	############################################
[16:25:36.50] /o 	        Synopsys Generic 90nm iPDK          
[16:25:36.50] /o 	--------------------------------------------
[16:25:36.50] /o 	Release Date .............. : 11-May-2016    
[16:25:36.50] /o 	============================================
[16:25:36.50] /o 	        Recommended Tool Versions           
[16:25:36.50] /o 	--------------------------------------------
[16:25:36.50] /o 	Custom Designer ........... : J-2014.12-2    
[16:25:36.50] /o 	IC Validator .............. : K-2015.12   
[16:25:36.50] /o 	StarRC..................... : K-2015.12  
[16:25:36.50] /o 	--------------------------------------------
[16:25:36.50] /o 	############################################
[16:25:36.50] /o 
[16:25:36.51] /o SAED PDK 90: Loaded callbacks
[16:25:36.52] /o SAED PDK 90: Loaded display resources
[16:25:36.53] /i ::sa::_backgroundSaeShell::signalProcessReady 1512001532
[16:25:36.53] /o saeInterBGSaeShell:  ::sa::_backgroundSaeShell::processReady 4
[16:25:57.21] /i ::sa::_backgroundSaeShell::runScript /DCNFS/users/student/yli1/simulation/C2mos/testbench/schematic/HSPICE/nominal/.bg_measurement_script.tcl sa::_resultsDatabase::saeShellProcessingCompletedProc testSuiteName saeSession4 testbenchName default resultsDir /DCNFS/users/student/yli1/simulation/C2mos/testbench/schematic/HSPICE/nominal/results testSuiteDir /DCNFS/users/student/yli1/simulation/C2mos/testbench/schematic/HSPICE/nominal databaseName /DCNFS/users/student/yli1/simulation/C2mos/testbench/schematic/HSPICE/nominal/resultsDatabase remoteRun {} testbenchId 1
[16:25:58.78] /m Information: Started sharing "Custom WaveView ADV" license. (WAVEFORM-110)
[16:25:58.89] /o saeInterBGSaeShell:  ::sa::_backgroundSaeShell::scriptFinished 1.6 {} sa::_resultsDatabase::saeShellProcessingCompletedProc testSuiteName saeSession4 testbenchName default resultsDir /DCNFS/users/student/yli1/simulation/C2mos/testbench/schematic/HSPICE/nominal/results testSuiteDir /DCNFS/users/student/yli1/simulation/C2mos/testbench/schematic/HSPICE/nominal databaseName /DCNFS/users/student/yli1/simulation/C2mos/testbench/schematic/HSPICE/nominal/resultsDatabase remoteRun {} testbenchId 1
[16:25:58.89] /o false
[16:29:01.52] /i ::wf::viewerExited
