[16:35:17.27] /m Information: License 'SAE' checked out. (LICENSE-003)
[16:35:19.76] /o sae_shell Version Custom Compiler M-2017.03-SP1-1
              /c Build  (OPT) compiled on Thu Jun 29 08:54:37 2017 for RHEL64 6.6
              /c Execution time: Wed Nov 29 16:35:15 2017
              /c Host: linux60825
              /c 
              /c Copyright © 2004-2017 Synopsys, Inc.
              /c This software and the associated documentation are proprietary to Synopsys, Inc. This software may only be used in accordance with the terms and conditions of a written license agreement with Synopsys, Inc. All other use, reproduction, or distribution of this software is strictly prohibited.
              /c 
              /c 
[16:35:19.86] /o 	############################################
[16:35:19.86] /o 	        Synopsys Generic 90nm iPDK          
[16:35:19.86] /o 	--------------------------------------------
[16:35:19.86] /o 	Release Date .............. : 11-May-2016    
[16:35:19.86] /o 	============================================
[16:35:19.86] /o 	        Recommended Tool Versions           
[16:35:19.86] /o 	--------------------------------------------
[16:35:19.86] /o 	Custom Designer ........... : J-2014.12-2    
[16:35:19.86] /o 	IC Validator .............. : K-2015.12   
[16:35:19.86] /o 	StarRC..................... : K-2015.12  
[16:35:19.86] /o 	--------------------------------------------
[16:35:19.86] /o 	############################################
[16:35:19.86] /o 
[16:35:19.87] /o SAED PDK 90: Loaded callbacks
[16:35:19.88] /o SAED PDK 90: Loaded display resources
[16:35:19.88] /i ::sa::_backgroundSaeShell::signalProcessReady 1512002115
[16:35:19.89] /o saeInterBGSaeShell:  ::sa::_backgroundSaeShell::processReady 4
[16:38:11.64] /i ::sa::_backgroundSaeShell::runScript /DCNFS/users/student/yli1/simulation/C2mos/testbench/schematic/HSPICE/nominal/.bg_measurement_script.tcl sa::_resultsDatabase::saeShellProcessingCompletedProc testSuiteName saeSession13 testbenchName default resultsDir /DCNFS/users/student/yli1/simulation/C2mos/testbench/schematic/HSPICE/nominal/results testSuiteDir /DCNFS/users/student/yli1/simulation/C2mos/testbench/schematic/HSPICE/nominal databaseName /DCNFS/users/student/yli1/simulation/C2mos/testbench/schematic/HSPICE/nominal/resultsDatabase remoteRun {} testbenchId 1
[16:38:12.02] /m Information: Started sharing "Custom WaveView ADV" license. (WAVEFORM-110)
[16:38:12.06] /o saeInterBGSaeShell:  ::sa::_backgroundSaeShell::scriptFinished 0.4 {} sa::_resultsDatabase::saeShellProcessingCompletedProc testSuiteName saeSession13 testbenchName default resultsDir /DCNFS/users/student/yli1/simulation/C2mos/testbench/schematic/HSPICE/nominal/results testSuiteDir /DCNFS/users/student/yli1/simulation/C2mos/testbench/schematic/HSPICE/nominal databaseName /DCNFS/users/student/yli1/simulation/C2mos/testbench/schematic/HSPICE/nominal/resultsDatabase remoteRun {} testbenchId 1
[16:38:12.06] /o false
[16:40:46.48] /i ::wf::viewerExited
[16:40:50.87] /i ::sa::_backgroundSaeShell::exit
[16:40:50.87] /o saeInterBGSaeShell:  ::sa::_backgroundSaeShell::childFormallyExiting
[16:40:51.21] /m Information: License 'Advanced' checked in. (LICENSE-004)
[16:40:51.21] /m Information: License 'Basic' checked in. (LICENSE-004)
[16:40:51.21] /m Information: License 'SAE' checked in. (LICENSE-004)
