[16:32:36.78] /m Information: License 'SAE' checked out. (LICENSE-003)
[16:32:40.06] /o sae_shell Version Custom Compiler M-2017.03-SP1-1
              /c Build  (OPT) compiled on Thu Jun 29 08:54:37 2017 for RHEL64 6.6
              /c Execution time: Wed Nov 29 16:32:35 2017
              /c Host: linux60825
              /c 
              /c Copyright © 2004-2017 Synopsys, Inc.
              /c This software and the associated documentation are proprietary to Synopsys, Inc. This software may only be used in accordance with the terms and conditions of a written license agreement with Synopsys, Inc. All other use, reproduction, or distribution of this software is strictly prohibited.
              /c 
              /c 
[16:32:40.20] /o 	############################################
[16:32:40.20] /o 	        Synopsys Generic 90nm iPDK          
[16:32:40.20] /o 	--------------------------------------------
[16:32:40.20] /o 	Release Date .............. : 11-May-2016    
[16:32:40.20] /o 	============================================
[16:32:40.20] /o 	        Recommended Tool Versions           
[16:32:40.20] /o 	--------------------------------------------
[16:32:40.20] /o 	Custom Designer ........... : J-2014.12-2    
[16:32:40.20] /o 	IC Validator .............. : K-2015.12   
[16:32:40.20] /o 	StarRC..................... : K-2015.12  
[16:32:40.20] /o 	--------------------------------------------
[16:32:40.20] /o 	############################################
[16:32:40.20] /o 
[16:32:40.23] /o SAED PDK 90: Loaded callbacks
[16:32:40.24] /o SAED PDK 90: Loaded display resources
[16:32:40.26] /i ::sa::_backgroundSaeShell::signalProcessReady 1512001954
[16:32:40.26] /o saeInterBGSaeShell:  ::sa::_backgroundSaeShell::processReady 6
[16:32:40.95] /i ::sa::_backgroundSaeShell::exit
[16:32:40.95] /o saeInterBGSaeShell:  ::sa::_backgroundSaeShell::childFormallyExiting
[16:32:41.24] /m Information: License 'Advanced' checked in. (LICENSE-004)
[16:32:41.24] /m Information: License 'Basic' checked in. (LICENSE-004)
[16:32:41.24] /m Information: License 'SAE' checked in. (LICENSE-004)
