[16:52:12.16] /m Information: License 'SAE' checked out. (LICENSE-003)
[16:52:13.58] /o sae_shell Version Custom Compiler M-2017.03-SP1-1
              /c Build  (OPT) compiled on Thu Jun 29 08:54:37 2017 for RHEL64 6.6
              /c Execution time: Wed Nov 29 16:52:10 2017
              /c Host: linux60825
              /c 
              /c Copyright © 2004-2017 Synopsys, Inc.
              /c This software and the associated documentation are proprietary to Synopsys, Inc. This software may only be used in accordance with the terms and conditions of a written license agreement with Synopsys, Inc. All other use, reproduction, or distribution of this software is strictly prohibited.
              /c 
              /c 
[16:52:13.60] /o 	############################################
[16:52:13.60] /o 	        Synopsys Generic 90nm iPDK          
[16:52:13.60] /o 	--------------------------------------------
[16:52:13.60] /o 	Release Date .............. : 11-May-2016    
[16:52:13.60] /o 	============================================
[16:52:13.60] /o 	        Recommended Tool Versions           
[16:52:13.60] /o 	--------------------------------------------
[16:52:13.60] /o 	Custom Designer ........... : J-2014.12-2    
[16:52:13.60] /o 	IC Validator .............. : K-2015.12   
[16:52:13.60] /o 	StarRC..................... : K-2015.12  
[16:52:13.60] /o 	--------------------------------------------
[16:52:13.60] /o 	############################################
[16:52:13.60] /o 
[16:52:13.61] /o SAED PDK 90: Loaded callbacks
[16:52:13.61] /o SAED PDK 90: Loaded display resources
[16:52:13.62] /i ::sa::_backgroundSaeShell::signalProcessReady 1512003130
[16:52:13.62] /o saeInterBGSaeShell:  ::sa::_backgroundSaeShell::processReady 3
[16:53:50.74] /i ::wf::viewerExited
[16:54:10.31] /i ::sa::_backgroundSaeShell::runScript /DCNFS/users/student/yli1/simulation/C2mos/testbench/schematic/HSPICE/nominal/.bg_measurement_script.tcl sa::_resultsDatabase::saeShellProcessingCompletedProc testSuiteName saeSession18 testbenchName default resultsDir /DCNFS/users/student/yli1/simulation/C2mos/testbench/schematic/HSPICE/nominal/results testSuiteDir /DCNFS/users/student/yli1/simulation/C2mos/testbench/schematic/HSPICE/nominal databaseName /DCNFS/users/student/yli1/simulation/C2mos/testbench/schematic/HSPICE/nominal/resultsDatabase remoteRun {} testbenchId 1
[16:54:10.71] /m Information: Started sharing "Custom WaveView ADV" license. (WAVEFORM-110)
[16:54:10.77] /o saeInterBGSaeShell:  ::sa::_backgroundSaeShell::scriptFinished 0.4 {} sa::_resultsDatabase::saeShellProcessingCompletedProc testSuiteName saeSession18 testbenchName default resultsDir /DCNFS/users/student/yli1/simulation/C2mos/testbench/schematic/HSPICE/nominal/results testSuiteDir /DCNFS/users/student/yli1/simulation/C2mos/testbench/schematic/HSPICE/nominal databaseName /DCNFS/users/student/yli1/simulation/C2mos/testbench/schematic/HSPICE/nominal/resultsDatabase remoteRun {} testbenchId 1
[16:54:10.77] /o false
[16:59:11.65] /o saeInterBGSaeShell:  ::sa::_backgroundSaeShell::pingBack
[16:59:11.70] /i ::sa::_backgroundSaeShell::parentRunning
[16:59:11.70] /o 1512003551
[16:59:15.75] /m Information: Stopped sharing "Custom WaveView ADV" license. (WAVEFORM-111)
[17:01:36.97] /i ::sa::_backgroundSaeShell::exit
[17:01:36.97] /o saeInterBGSaeShell:  ::sa::_backgroundSaeShell::childFormallyExiting
[17:01:37.29] /m Information: License 'Advanced' checked in. (LICENSE-004)
[17:01:37.29] /m Information: License 'Basic' checked in. (LICENSE-004)
[17:01:37.30] /m Information: License 'SAE' checked in. (LICENSE-004)
