[17:33:24.20] /m Information: License 'SAE' checked out. (LICENSE-003)
[17:33:26.76] /o sae_shell Version Custom Compiler M-2017.03-SP1-1
              /c Build  (OPT) compiled on Thu Jun 29 08:54:37 2017 for RHEL64 6.6
              /c Execution time: Wed Nov 29 17:33:22 2017
              /c Host: linux60825
              /c 
              /c Copyright © 2004-2017 Synopsys, Inc.
              /c This software and the associated documentation are proprietary to Synopsys, Inc. This software may only be used in accordance with the terms and conditions of a written license agreement with Synopsys, Inc. All other use, reproduction, or distribution of this software is strictly prohibited.
              /c 
              /c 
[17:33:26.85] /o 	############################################
[17:33:26.85] /o 	        Synopsys Generic 90nm iPDK          
[17:33:26.85] /o 	--------------------------------------------
[17:33:26.85] /o 	Release Date .............. : 11-May-2016    
[17:33:26.85] /o 	============================================
[17:33:26.85] /o 	        Recommended Tool Versions           
[17:33:26.85] /o 	--------------------------------------------
[17:33:26.85] /o 	Custom Designer ........... : J-2014.12-2    
[17:33:26.85] /o 	IC Validator .............. : K-2015.12   
[17:33:26.85] /o 	StarRC..................... : K-2015.12  
[17:33:26.85] /o 	--------------------------------------------
[17:33:26.85] /o 	############################################
[17:33:26.85] /o 
[17:33:26.86] /o SAED PDK 90: Loaded callbacks
[17:33:26.87] /o SAED PDK 90: Loaded display resources
[17:33:26.88] /i ::sa::_backgroundSaeShell::signalProcessReady 1512005602
[17:33:26.88] /o saeInterBGSaeShell:  ::sa::_backgroundSaeShell::processReady 4
[17:38:27.89] /o saeInterBGSaeShell:  ::sa::_backgroundSaeShell::pingBack
[17:38:27.90] /i ::sa::_backgroundSaeShell::parentRunning
[17:38:27.90] /o 1512005907
[17:38:28.14] /i ::sa::_backgroundSaeShell::exit
[17:38:28.14] /o saeInterBGSaeShell:  ::sa::_backgroundSaeShell::childFormallyExiting
[17:38:28.42] /m Information: License 'Advanced' checked in. (LICENSE-004)
[17:38:28.42] /m Information: License 'Basic' checked in. (LICENSE-004)
[17:38:28.42] /m Information: License 'SAE' checked in. (LICENSE-004)
