[16:18:31.62] /m Information: License 'SAE' checked out. (LICENSE-003)
[16:18:33.55] /o sae_shell Version Custom Compiler M-2017.03-SP1-1
              /c Build  (OPT) compiled on Thu Jun 29 08:54:37 2017 for RHEL64 6.6
              /c Execution time: Wed Nov 29 16:18:30 2017
              /c Host: linux60825
              /c 
              /c Copyright © 2004-2017 Synopsys, Inc.
              /c This software and the associated documentation are proprietary to Synopsys, Inc. This software may only be used in accordance with the terms and conditions of a written license agreement with Synopsys, Inc. All other use, reproduction, or distribution of this software is strictly prohibited.
              /c 
              /c 
[16:18:33.60] /o 	############################################
[16:18:33.60] /o 	        Synopsys Generic 90nm iPDK          
[16:18:33.60] /o 	--------------------------------------------
[16:18:33.60] /o 	Release Date .............. : 11-May-2016    
[16:18:33.60] /o 	============================================
[16:18:33.60] /o 	        Recommended Tool Versions           
[16:18:33.60] /o 	--------------------------------------------
[16:18:33.60] /o 	Custom Designer ........... : J-2014.12-2    
[16:18:33.60] /o 	IC Validator .............. : K-2015.12   
[16:18:33.60] /o 	StarRC..................... : K-2015.12  
[16:18:33.60] /o 	--------------------------------------------
[16:18:33.60] /o 	############################################
[16:18:33.60] /o 
[16:18:33.61] /o SAED PDK 90: Loaded callbacks
[16:18:33.61] /o SAED PDK 90: Loaded display resources
[16:18:33.62] /i ::sa::_backgroundSaeShell::signalProcessReady 1512001110
[16:18:33.62] /o saeInterBGSaeShell:  ::sa::_backgroundSaeShell::processReady 3
[16:18:33.62] /i ::sa::_backgroundSaeShell::exit
[16:18:33.62] /o saeInterBGSaeShell:  ::sa::_backgroundSaeShell::childFormallyExiting
[16:18:33.83] /m Information: License 'Advanced' checked in. (LICENSE-004)
[16:18:33.83] /m Information: License 'Basic' checked in. (LICENSE-004)
[16:18:33.83] /m Information: License 'SAE' checked in. (LICENSE-004)
