[14:33:54.64] /m Information: License 'SAE' checked out. (LICENSE-003)
[14:33:56.68] /o sae_shell Version Custom Compiler M-2017.03-SP1-1
              /c Build  (OPT) compiled on Thu Jun 29 08:54:37 2017 for RHEL64 6.6
              /c Execution time: Wed Oct  4 14:33:53 2017
              /c Host: linux60802
              /c 
              /c Copyright © 2004-2017 Synopsys, Inc.
              /c This software and the associated documentation are proprietary to Synopsys, Inc. This software may only be used in accordance with the terms and conditions of a written license agreement with Synopsys, Inc. All other use, reproduction, or distribution of this software is strictly prohibited.
              /c 
              /c 
[14:33:56.75] /o 	############################################
[14:33:56.75] /o 	        Synopsys Generic 90nm iPDK          
[14:33:56.75] /o 	--------------------------------------------
[14:33:56.75] /o 	Release Date .............. : 11-May-2016    
[14:33:56.75] /o 	============================================
[14:33:56.75] /o 	        Recommended Tool Versions           
[14:33:56.75] /o 	--------------------------------------------
[14:33:56.75] /o 	Custom Designer ........... : J-2014.12-2    
[14:33:56.75] /o 	IC Validator .............. : K-2015.12   
[14:33:56.75] /o 	StarRC..................... : K-2015.12  
[14:33:56.75] /o 	--------------------------------------------
[14:33:56.75] /o 	############################################
[14:33:56.75] /o 
[14:33:56.76] /o SAED PDK 90: Loaded callbacks
[14:33:56.77] /o SAED PDK 90: Loaded display resources
[14:33:56.78] /i ::sa::_backgroundSaeShell::signalProcessReady 1507152832
[14:33:56.79] /o saeInterBGSaeShell:  ::sa::_backgroundSaeShell::processReady 4
[14:35:37.96] /i ::sa::_backgroundSaeShell::exit
[14:35:37.96] /o saeInterBGSaeShell:  ::sa::_backgroundSaeShell::childFormallyExiting
[14:35:38.22] /m Information: License 'Schematic' checked in. (LICENSE-004)
[14:35:38.23] /m Information: License 'SAE' checked in. (LICENSE-004)
