[19:17:06.42] /m Information: License 'SAE' checked out. (LICENSE-003)
[19:17:08.03] /o sae_shell Version Custom Compiler M-2017.03-SP1-1
              /c Build  (OPT) compiled on Thu Jun 29 08:54:37 2017 for RHEL64 6.6
              /c Execution time: Tue Nov 28 19:17:05 2017
              /c Host: linux60817
              /c 
              /c Copyright © 2004-2017 Synopsys, Inc.
              /c This software and the associated documentation are proprietary to Synopsys, Inc. This software may only be used in accordance with the terms and conditions of a written license agreement with Synopsys, Inc. All other use, reproduction, or distribution of this software is strictly prohibited.
              /c 
              /c 
[19:17:08.05] /o 	############################################
[19:17:08.05] /o 	        Synopsys Generic 90nm iPDK          
[19:17:08.05] /o 	--------------------------------------------
[19:17:08.05] /o 	Release Date .............. : 11-May-2016    
[19:17:08.05] /o 	============================================
[19:17:08.05] /o 	        Recommended Tool Versions           
[19:17:08.05] /o 	--------------------------------------------
[19:17:08.05] /o 	Custom Designer ........... : J-2014.12-2    
[19:17:08.05] /o 	IC Validator .............. : K-2015.12   
[19:17:08.05] /o 	StarRC..................... : K-2015.12  
[19:17:08.05] /o 	--------------------------------------------
[19:17:08.05] /o 	############################################
[19:17:08.05] /o 
[19:17:08.06] /o SAED PDK 90: Loaded callbacks
[19:17:08.06] /o SAED PDK 90: Loaded display resources
[19:17:08.07] /i ::sa::_backgroundSaeShell::signalProcessReady 1511925424
[19:17:08.07] /o saeInterBGSaeShell:  ::sa::_backgroundSaeShell::processReady 4
[19:21:26.93] /i ::sa::_backgroundSaeShell::exit
[19:21:26.93] /o saeInterBGSaeShell:  ::sa::_backgroundSaeShell::childFormallyExiting
[19:21:27.19] /m Information: License 'Schematic' checked in. (LICENSE-004)
[19:21:27.19] /m Information: License 'SAE' checked in. (LICENSE-004)
