[16:40:56.47] /m Information: License 'SAE' checked out. (LICENSE-003)
[16:40:58.67] /o sae_shell Version Custom Compiler M-2017.03-SP1-1
              /c Build  (OPT) compiled on Thu Jun 29 08:54:37 2017 for RHEL64 6.6
              /c Execution time: Wed Nov 29 16:40:54 2017
              /c Host: linux60825
              /c 
              /c Copyright © 2004-2017 Synopsys, Inc.
              /c This software and the associated documentation are proprietary to Synopsys, Inc. This software may only be used in accordance with the terms and conditions of a written license agreement with Synopsys, Inc. All other use, reproduction, or distribution of this software is strictly prohibited.
              /c 
              /c 
[16:40:58.76] /o 	############################################
[16:40:58.76] /o 	        Synopsys Generic 90nm iPDK          
[16:40:58.76] /o 	--------------------------------------------
[16:40:58.76] /o 	Release Date .............. : 11-May-2016    
[16:40:58.76] /o 	============================================
[16:40:58.76] /o 	        Recommended Tool Versions           
[16:40:58.76] /o 	--------------------------------------------
[16:40:58.76] /o 	Custom Designer ........... : J-2014.12-2    
[16:40:58.76] /o 	IC Validator .............. : K-2015.12   
[16:40:58.76] /o 	StarRC..................... : K-2015.12  
[16:40:58.76] /o 	--------------------------------------------
[16:40:58.76] /o 	############################################
[16:40:58.76] /o 
[16:40:58.78] /o SAED PDK 90: Loaded callbacks
[16:40:58.78] /o SAED PDK 90: Loaded display resources
[16:40:58.79] /i ::sa::_backgroundSaeShell::signalProcessReady 1512002454
[16:40:58.79] /o saeInterBGSaeShell:  ::sa::_backgroundSaeShell::processReady 4
[16:41:14.62] /i ::sa::_backgroundSaeShell::runScript /DCNFS/users/student/yli1/simulation/C2mos/testbench/schematic/HSPICE/parametric/.bg_measurement_script.tcl sa::_resultsDatabase::saeShellProcessingCompletedProc testSuiteName saeSession15 testbenchName default resultsDir /DCNFS/users/student/yli1/simulation/C2mos/testbench/schematic/HSPICE/parametric/results testSuiteDir /DCNFS/users/student/yli1/simulation/C2mos/testbench/schematic/HSPICE/parametric databaseName /DCNFS/users/student/yli1/simulation/C2mos/testbench/schematic/HSPICE/parametric/resultsDatabase remoteRun {} testbenchId 1
[16:41:15.07] /m Information: Started sharing "Custom WaveView ADV" license. (WAVEFORM-110)
[16:41:15.17] /o saeInterBGSaeShell:  ::sa::_backgroundSaeShell::scriptFinished 0.5 {} sa::_resultsDatabase::saeShellProcessingCompletedProc testSuiteName saeSession15 testbenchName default resultsDir /DCNFS/users/student/yli1/simulation/C2mos/testbench/schematic/HSPICE/parametric/results testSuiteDir /DCNFS/users/student/yli1/simulation/C2mos/testbench/schematic/HSPICE/parametric databaseName /DCNFS/users/student/yli1/simulation/C2mos/testbench/schematic/HSPICE/parametric/resultsDatabase remoteRun {} testbenchId 1
[16:41:15.17] /o false
[16:44:44.29] /i ::wf::viewerExited
[16:44:49.39] /i ::sa::_backgroundSaeShell::exit
[16:44:49.39] /o saeInterBGSaeShell:  ::sa::_backgroundSaeShell::childFormallyExiting
[16:44:49.74] /m Information: License 'Advanced' checked in. (LICENSE-004)
[16:44:49.74] /m Information: License 'Basic' checked in. (LICENSE-004)
[16:44:49.74] /m Information: License 'SAE' checked in. (LICENSE-004)
