[14:31:18.35] /m Information: License 'SAE' checked out. (LICENSE-003)
[14:31:20.23] /o sae_shell Version Custom Compiler M-2017.03-SP1-1
              /c Build  (OPT) compiled on Thu Jun 29 08:54:37 2017 for RHEL64 6.6
              /c Execution time: Wed Oct  4 14:31:16 2017
              /c Host: linux60802
              /c 
              /c Copyright © 2004-2017 Synopsys, Inc.
              /c This software and the associated documentation are proprietary to Synopsys, Inc. This software may only be used in accordance with the terms and conditions of a written license agreement with Synopsys, Inc. All other use, reproduction, or distribution of this software is strictly prohibited.
              /c 
              /c 
[14:31:20.31] /o 	############################################
[14:31:20.31] /o 	        Synopsys Generic 90nm iPDK          
[14:31:20.31] /o 	--------------------------------------------
[14:31:20.31] /o 	Release Date .............. : 11-May-2016    
[14:31:20.31] /o 	============================================
[14:31:20.31] /o 	        Recommended Tool Versions           
[14:31:20.31] /o 	--------------------------------------------
[14:31:20.31] /o 	Custom Designer ........... : J-2014.12-2    
[14:31:20.31] /o 	IC Validator .............. : K-2015.12   
[14:31:20.31] /o 	StarRC..................... : K-2015.12  
[14:31:20.31] /o 	--------------------------------------------
[14:31:20.31] /o 	############################################
[14:31:20.31] /o 
[14:31:20.32] /o SAED PDK 90: Loaded callbacks
[14:31:20.33] /o SAED PDK 90: Loaded display resources
[14:31:20.34] /i ::sa::_backgroundSaeShell::signalProcessReady 1507152676
[14:31:20.35] /o saeInterBGSaeShell:  ::sa::_backgroundSaeShell::processReady 4
[14:32:38.86] /i ::sa::_backgroundSaeShell::exit
[14:32:38.86] /o saeInterBGSaeShell:  ::sa::_backgroundSaeShell::childFormallyExiting
[14:32:39.11] /m Information: License 'Schematic' checked in. (LICENSE-004)
[14:32:39.11] /m Information: License 'SAE' checked in. (LICENSE-004)
