[16:30:07.84] /m Information: License 'SAE' checked out. (LICENSE-003)
[16:30:10.67] /o sae_shell Version Custom Compiler M-2017.03-SP1-1
              /c Build  (OPT) compiled on Thu Jun 29 08:54:37 2017 for RHEL64 6.6
              /c Execution time: Wed Oct 11 16:30:06 2017
              /c Host: linux60814
              /c 
              /c Copyright © 2004-2017 Synopsys, Inc.
              /c This software and the associated documentation are proprietary to Synopsys, Inc. This software may only be used in accordance with the terms and conditions of a written license agreement with Synopsys, Inc. All other use, reproduction, or distribution of this software is strictly prohibited.
              /c 
              /c 
[16:30:10.74] /o 	############################################
[16:30:10.74] /o 	        Synopsys Generic 90nm iPDK          
[16:30:10.74] /o 	--------------------------------------------
[16:30:10.74] /o 	Release Date .............. : 11-May-2016    
[16:30:10.74] /o 	============================================
[16:30:10.74] /o 	        Recommended Tool Versions           
[16:30:10.74] /o 	--------------------------------------------
[16:30:10.74] /o 	Custom Designer ........... : J-2014.12-2    
[16:30:10.74] /o 	IC Validator .............. : K-2015.12   
[16:30:10.74] /o 	StarRC..................... : K-2015.12  
[16:30:10.74] /o 	--------------------------------------------
[16:30:10.74] /o 	############################################
[16:30:10.74] /o 
[16:30:10.75] /o SAED PDK 90: Loaded callbacks
[16:30:10.75] /o SAED PDK 90: Loaded display resources
[16:30:10.76] /i ::sa::_backgroundSaeShell::signalProcessReady 1507764605
[16:30:10.77] /o saeInterBGSaeShell:  ::sa::_backgroundSaeShell::processReady 5
[16:33:25.74] /i ::sa::_backgroundSaeShell::exit
[16:33:25.74] /o saeInterBGSaeShell:  ::sa::_backgroundSaeShell::childFormallyExiting
[16:33:26.06] /m Information: License 'Advanced' checked in. (LICENSE-004)
[16:33:26.06] /m Information: License 'Basic' checked in. (LICENSE-004)
[16:33:26.06] /m Information: License 'SAE' checked in. (LICENSE-004)
