[15:18:49.33] /m Information: License 'SAE' checked out. (LICENSE-003)
[15:18:51.55] /o sae_shell Version Custom Compiler M-2017.03-SP1-1
              /c Build  (OPT) compiled on Thu Jun 29 08:54:37 2017 for RHEL64 6.6
              /c Execution time: Wed Nov 15 15:18:47 2017
              /c Host: linux60818
              /c 
              /c Copyright © 2004-2017 Synopsys, Inc.
              /c This software and the associated documentation are proprietary to Synopsys, Inc. This software may only be used in accordance with the terms and conditions of a written license agreement with Synopsys, Inc. All other use, reproduction, or distribution of this software is strictly prohibited.
              /c 
              /c 
[15:18:51.70] /o 	############################################
[15:18:51.70] /o 	        Synopsys Generic 90nm iPDK          
[15:18:51.70] /o 	--------------------------------------------
[15:18:51.70] /o 	Release Date .............. : 11-May-2016    
[15:18:51.70] /o 	============================================
[15:18:51.70] /o 	        Recommended Tool Versions           
[15:18:51.70] /o 	--------------------------------------------
[15:18:51.70] /o 	Custom Designer ........... : J-2014.12-2    
[15:18:51.70] /o 	IC Validator .............. : K-2015.12   
[15:18:51.70] /o 	StarRC..................... : K-2015.12  
[15:18:51.70] /o 	--------------------------------------------
[15:18:51.70] /o 	############################################
[15:18:51.70] /o 
[15:18:51.72] /o SAED PDK 90: Loaded callbacks
[15:18:51.73] /o SAED PDK 90: Loaded display resources
[15:18:51.74] /i ::sa::_backgroundSaeShell::signalProcessReady 1510787927
[15:18:51.74] /o saeInterBGSaeShell:  ::sa::_backgroundSaeShell::processReady 4
[15:20:56.91] /i ::sa::_backgroundSaeShell::exit
[15:20:56.91] /o saeInterBGSaeShell:  ::sa::_backgroundSaeShell::childFormallyExiting
[15:20:57.17] /m Information: License 'Schematic' checked in. (LICENSE-004)
[15:20:57.18] /m Information: License 'SAE' checked in. (LICENSE-004)
