[14:30:08.75] /o 
              /c                                 Custom Compiler 
              /c 
              /c               Version M-2017.03-SP1-1 for linux64 - Jun 29, 2017 
              /c 
              /c                     Copyright (c) 2004 - 2017 Synopsys, Inc.
              /c    This software and the associated documentation are proprietary to Synopsys,
              /c  Inc. This software may only be used in accordance with the terms and conditions
              /c  of a written license agreement with Synopsys, Inc. All other use, reproduction,
              /c             or distribution of this software is strictly prohibited.
              /c 
              /c Build  (OPT) Config 3718339 compiled on Thu Jun 29 08:54:37 2017 for RHEL64 6.6
              /c Invocation: /DCNFS/applications/synopsys/2017/app/customcompiler/M-2017.03-SP1-1/linux64/platform/bin/custom_compiler
              /c Execution time: Wed Nov  8 14:30:06 2017
              /c Host: linux60803
              /c Working directory: /DCNFS/users/student/yli1/ELEN153/lab6/synopsys_custom
              /c 
[14:30:11.97] /w Warning: The file 'lib.defs' does not exist in search path (DATA_MANAGEMENT-013)
[14:30:12.00] /r giShowFrameTabs true
[14:30:12.00] /r giWindowId 1
[14:30:12.00] /r giWindowGeometry 1040x800
[14:30:14.14] /i db::setAttr iconified -of [gi::getFrames 1] -value true
[14:30:18.33] /i db::setAttr iconified -of [gi::getFrames 1] -value false
[14:30:24.43] /# gi::pressButton {/scroll/scrollArea/scrollAreaInnerWidget/applications/dmLibraryManager} -in [gi::getWindows 1]
[14:30:24.43] /# 
[14:30:24.43] /i dm::openLibraryManager
[14:30:24.44] /r giWindowId 2
[14:30:24.44] /r giWindowGeometry 660x600+50+75
[14:30:24.48] /o oa:0x23a3d110
[14:30:26.13] /i exit
[14:30:26.16] /r giDialog gi::setActiveDialog [gi::getDialogs {deExitDialog}]
[14:30:26.46] /r giDialog db::setAttr geometry -of [gi::getDialogs {deExitDialog}] -value 420x183+750+508
[14:30:27.35] /r giDialog gi::pressButton {ok} -in [gi::getDialogs {deExitDialog}]
[14:30:27.37] /i gi::setActiveWindow 1
[14:30:27.37] /i gi::setActiveWindow 1 -raise true
[14:30:28.63] /o Shutdown time: Wed Nov  8 14:30:28 2017
[14:30:28.63] /o Elapsed session real time: 0.33 minutes
[14:30:28.64] /o Session terminated. Log is at /DCNFS/users/student/yli1/ELEN153/lab6/synopsys_custom/synopsys_custom/logs/ccompiler.yli1.2017_11_8_143006_18491.log
