[16:24:56.44] /m Information: License 'SAE' checked out. (LICENSE-003)
[16:24:58.93] /o sae_shell Version Custom Compiler M-2017.03-SP1-1
              /c Build  (OPT) compiled on Thu Jun 29 08:54:37 2017 for RHEL64 6.6
              /c Execution time: Wed Oct 18 16:24:55 2017
              /c Host: linux60820
              /c 
              /c Copyright © 2004-2017 Synopsys, Inc.
              /c This software and the associated documentation are proprietary to Synopsys, Inc. This software may only be used in accordance with the terms and conditions of a written license agreement with Synopsys, Inc. All other use, reproduction, or distribution of this software is strictly prohibited.
              /c 
              /c 
[16:24:59.05] /o 	############################################
[16:24:59.05] /o 	        Synopsys Generic 90nm iPDK          
[16:24:59.05] /o 	--------------------------------------------
[16:24:59.05] /o 	Release Date .............. : 11-May-2016    
[16:24:59.05] /o 	============================================
[16:24:59.05] /o 	        Recommended Tool Versions           
[16:24:59.05] /o 	--------------------------------------------
[16:24:59.05] /o 	Custom Designer ........... : J-2014.12-2    
[16:24:59.05] /o 	IC Validator .............. : K-2015.12   
[16:24:59.05] /o 	StarRC..................... : K-2015.12  
[16:24:59.05] /o 	--------------------------------------------
[16:24:59.05] /o 	############################################
[16:24:59.05] /o 
[16:24:59.06] /o SAED PDK 90: Loaded callbacks
[16:24:59.07] /o SAED PDK 90: Loaded display resources
[16:24:59.09] /i ::sa::_backgroundSaeShell::signalProcessReady 1508369094
[16:24:59.09] /o saeInterBGSaeShell:  ::sa::_backgroundSaeShell::processReady 5
[16:26:04.95] /i ::sa::_backgroundSaeShell::runScript /DCNFS/users/student/yli1/simulation/lab4/testbench_NAND/schematic/HSPICE/nominal/.bg_measurement_script.tcl sa::_resultsDatabase::saeShellProcessingCompletedProc testSuiteName saeSession23 testbenchName default resultsDir /DCNFS/users/student/yli1/simulation/lab4/testbench_NAND/schematic/HSPICE/nominal/results testSuiteDir /DCNFS/users/student/yli1/simulation/lab4/testbench_NAND/schematic/HSPICE/nominal databaseName /DCNFS/users/student/yli1/simulation/lab4/testbench_NAND/schematic/HSPICE/nominal/resultsDatabase remoteRun {} testbenchId 1
[16:26:05.28] /m Information: Expression 'v(/OUT)' did not evaluate: No results found.
[16:26:05.30] /o saeInterBGSaeShell:  ::sa::_backgroundSaeShell::scriptFinished 0.3 {} sa::_resultsDatabase::saeShellProcessingCompletedProc testSuiteName saeSession23 testbenchName default resultsDir /DCNFS/users/student/yli1/simulation/lab4/testbench_NAND/schematic/HSPICE/nominal/results testSuiteDir /DCNFS/users/student/yli1/simulation/lab4/testbench_NAND/schematic/HSPICE/nominal databaseName /DCNFS/users/student/yli1/simulation/lab4/testbench_NAND/schematic/HSPICE/nominal/resultsDatabase remoteRun {} testbenchId 1
[16:26:05.30] /o false
[16:26:32.72] /i ::sa::_backgroundSaeShell::runScript /DCNFS/users/student/yli1/simulation/lab4/testbench_NAND/schematic/HSPICE/nominal/.bg_measurement_script.tcl sa::_resultsDatabase::saeShellProcessingCompletedProc testSuiteName saeSession23 testbenchName default resultsDir /DCNFS/users/student/yli1/simulation/lab4/testbench_NAND/schematic/HSPICE/nominal/results testSuiteDir /DCNFS/users/student/yli1/simulation/lab4/testbench_NAND/schematic/HSPICE/nominal databaseName /DCNFS/users/student/yli1/simulation/lab4/testbench_NAND/schematic/HSPICE/nominal/resultsDatabase remoteRun {} testbenchId 1
[16:26:32.99] /m Information: Expression 'v(/OUT)' did not evaluate: No results found.
[16:26:33.01] /o saeInterBGSaeShell:  ::sa::_backgroundSaeShell::scriptFinished 0.2 {} sa::_resultsDatabase::saeShellProcessingCompletedProc testSuiteName saeSession23 testbenchName default resultsDir /DCNFS/users/student/yli1/simulation/lab4/testbench_NAND/schematic/HSPICE/nominal/results testSuiteDir /DCNFS/users/student/yli1/simulation/lab4/testbench_NAND/schematic/HSPICE/nominal databaseName /DCNFS/users/student/yli1/simulation/lab4/testbench_NAND/schematic/HSPICE/nominal/resultsDatabase remoteRun {} testbenchId 1
[16:26:33.01] /o false
[16:27:14.46] /i ::sa::_backgroundSaeShell::runScript /DCNFS/users/student/yli1/simulation/lab4/testbench_NAND/schematic/HSPICE/nominal/.bg_measurement_script.tcl sa::_resultsDatabase::saeShellProcessingCompletedProc testSuiteName saeSession23 testbenchName default resultsDir /DCNFS/users/student/yli1/simulation/lab4/testbench_NAND/schematic/HSPICE/nominal/results testSuiteDir /DCNFS/users/student/yli1/simulation/lab4/testbench_NAND/schematic/HSPICE/nominal databaseName /DCNFS/users/student/yli1/simulation/lab4/testbench_NAND/schematic/HSPICE/nominal/resultsDatabase remoteRun {} testbenchId 1
[16:27:14.73] /m Information: Expression 'v(/OUT)' did not evaluate: No results found.
[16:27:14.75] /o saeInterBGSaeShell:  ::sa::_backgroundSaeShell::scriptFinished 0.2 {} sa::_resultsDatabase::saeShellProcessingCompletedProc testSuiteName saeSession23 testbenchName default resultsDir /DCNFS/users/student/yli1/simulation/lab4/testbench_NAND/schematic/HSPICE/nominal/results testSuiteDir /DCNFS/users/student/yli1/simulation/lab4/testbench_NAND/schematic/HSPICE/nominal databaseName /DCNFS/users/student/yli1/simulation/lab4/testbench_NAND/schematic/HSPICE/nominal/resultsDatabase remoteRun {} testbenchId 1
[16:27:14.75] /o false
[16:32:15.11] /o saeInterBGSaeShell:  ::sa::_backgroundSaeShell::pingBack
[16:32:15.17] /i ::sa::_backgroundSaeShell::parentRunning
[16:32:15.17] /o 1508369535
[16:33:34.39] /i ::sa::_backgroundSaeShell::runScript /DCNFS/users/student/yli1/simulation/lab4/testbench_NAND/schematic/HSPICE/nominal/.bg_measurement_script.tcl sa::_resultsDatabase::saeShellProcessingCompletedProc testSuiteName saeSession23 testbenchName default resultsDir /DCNFS/users/student/yli1/simulation/lab4/testbench_NAND/schematic/HSPICE/nominal/results testSuiteDir /DCNFS/users/student/yli1/simulation/lab4/testbench_NAND/schematic/HSPICE/nominal databaseName /DCNFS/users/student/yli1/simulation/lab4/testbench_NAND/schematic/HSPICE/nominal/resultsDatabase remoteRun {} testbenchId 1
[16:33:34.72] /m Information: Expression 'v(/OUT)' did not evaluate: No results found.
[16:33:34.74] /o saeInterBGSaeShell:  ::sa::_backgroundSaeShell::scriptFinished 0.3 {} sa::_resultsDatabase::saeShellProcessingCompletedProc testSuiteName saeSession23 testbenchName default resultsDir /DCNFS/users/student/yli1/simulation/lab4/testbench_NAND/schematic/HSPICE/nominal/results testSuiteDir /DCNFS/users/student/yli1/simulation/lab4/testbench_NAND/schematic/HSPICE/nominal databaseName /DCNFS/users/student/yli1/simulation/lab4/testbench_NAND/schematic/HSPICE/nominal/resultsDatabase remoteRun {} testbenchId 1
[16:33:34.74] /o false
[16:38:07.85] /i ::sa::_backgroundSaeShell::runScript /DCNFS/users/student/yli1/simulation/lab4/testbench_NAND/schematic/HSPICE/nominal/.bg_measurement_script.tcl sa::_resultsDatabase::saeShellProcessingCompletedProc testSuiteName saeSession23 testbenchName default resultsDir /DCNFS/users/student/yli1/simulation/lab4/testbench_NAND/schematic/HSPICE/nominal/results testSuiteDir /DCNFS/users/student/yli1/simulation/lab4/testbench_NAND/schematic/HSPICE/nominal databaseName /DCNFS/users/student/yli1/simulation/lab4/testbench_NAND/schematic/HSPICE/nominal/resultsDatabase remoteRun {} testbenchId 1
[16:38:08.18] /m Information: Expression 'v(/OUT)' did not evaluate: No results found.
[16:38:08.20] /o saeInterBGSaeShell:  ::sa::_backgroundSaeShell::scriptFinished 0.3 {} sa::_resultsDatabase::saeShellProcessingCompletedProc testSuiteName saeSession23 testbenchName default resultsDir /DCNFS/users/student/yli1/simulation/lab4/testbench_NAND/schematic/HSPICE/nominal/results testSuiteDir /DCNFS/users/student/yli1/simulation/lab4/testbench_NAND/schematic/HSPICE/nominal databaseName /DCNFS/users/student/yli1/simulation/lab4/testbench_NAND/schematic/HSPICE/nominal/resultsDatabase remoteRun {} testbenchId 1
[16:38:08.20] /o false
[16:38:13.29] /i ::sa::_backgroundSaeShell::runScript /DCNFS/users/student/yli1/simulation/lab4/testbench_NAND/schematic/HSPICE/nominal/.bg_measurement_script.tcl sa::_resultsDatabase::saeShellProcessingCompletedProc testSuiteName saeSession23 testbenchName default resultsDir /DCNFS/users/student/yli1/simulation/lab4/testbench_NAND/schematic/HSPICE/nominal/results testSuiteDir /DCNFS/users/student/yli1/simulation/lab4/testbench_NAND/schematic/HSPICE/nominal databaseName /DCNFS/users/student/yli1/simulation/lab4/testbench_NAND/schematic/HSPICE/nominal/resultsDatabase remoteRun {} testbenchId 1
[16:38:13.58] /m Information: Expression 'v(/OUT)' did not evaluate: No results found.
[16:38:13.61] /o saeInterBGSaeShell:  ::sa::_backgroundSaeShell::scriptFinished 0.3 {} sa::_resultsDatabase::saeShellProcessingCompletedProc testSuiteName saeSession23 testbenchName default resultsDir /DCNFS/users/student/yli1/simulation/lab4/testbench_NAND/schematic/HSPICE/nominal/results testSuiteDir /DCNFS/users/student/yli1/simulation/lab4/testbench_NAND/schematic/HSPICE/nominal databaseName /DCNFS/users/student/yli1/simulation/lab4/testbench_NAND/schematic/HSPICE/nominal/resultsDatabase remoteRun {} testbenchId 1
[16:38:13.61] /o false
[16:38:26.81] /i ::sa::_backgroundSaeShell::runScript /DCNFS/users/student/yli1/simulation/lab4/testbench_NAND/schematic/HSPICE/nominal/.bg_measurement_script.tcl sa::_resultsDatabase::saeShellProcessingCompletedProc testSuiteName saeSession23 testbenchName default resultsDir /DCNFS/users/student/yli1/simulation/lab4/testbench_NAND/schematic/HSPICE/nominal/results testSuiteDir /DCNFS/users/student/yli1/simulation/lab4/testbench_NAND/schematic/HSPICE/nominal databaseName /DCNFS/users/student/yli1/simulation/lab4/testbench_NAND/schematic/HSPICE/nominal/resultsDatabase remoteRun {} testbenchId 1
[16:38:27.08] /m Information: Expression 'v(/OUT)' did not evaluate: No results found.
[16:38:27.11] /o saeInterBGSaeShell:  ::sa::_backgroundSaeShell::scriptFinished 0.2 {} sa::_resultsDatabase::saeShellProcessingCompletedProc testSuiteName saeSession23 testbenchName default resultsDir /DCNFS/users/student/yli1/simulation/lab4/testbench_NAND/schematic/HSPICE/nominal/results testSuiteDir /DCNFS/users/student/yli1/simulation/lab4/testbench_NAND/schematic/HSPICE/nominal databaseName /DCNFS/users/student/yli1/simulation/lab4/testbench_NAND/schematic/HSPICE/nominal/resultsDatabase remoteRun {} testbenchId 1
[16:38:27.11] /o false
[16:39:06.86] /i ::sa::_backgroundSaeShell::runScript /DCNFS/users/student/yli1/simulation/lab4/testbench_NAND/schematic/HSPICE/nominal/.bg_measurement_script.tcl sa::_resultsDatabase::saeShellProcessingCompletedProc testSuiteName saeSession23 testbenchName default resultsDir /DCNFS/users/student/yli1/simulation/lab4/testbench_NAND/schematic/HSPICE/nominal/results testSuiteDir /DCNFS/users/student/yli1/simulation/lab4/testbench_NAND/schematic/HSPICE/nominal databaseName /DCNFS/users/student/yli1/simulation/lab4/testbench_NAND/schematic/HSPICE/nominal/resultsDatabase remoteRun {} testbenchId 1
[16:39:07.16] /m Information: Expression 'v(/OUT)' did not evaluate: No results found.
[16:39:07.21] /o saeInterBGSaeShell:  ::sa::_backgroundSaeShell::scriptFinished 0.3 {} sa::_resultsDatabase::saeShellProcessingCompletedProc testSuiteName saeSession23 testbenchName default resultsDir /DCNFS/users/student/yli1/simulation/lab4/testbench_NAND/schematic/HSPICE/nominal/results testSuiteDir /DCNFS/users/student/yli1/simulation/lab4/testbench_NAND/schematic/HSPICE/nominal databaseName /DCNFS/users/student/yli1/simulation/lab4/testbench_NAND/schematic/HSPICE/nominal/resultsDatabase remoteRun {} testbenchId 1
[16:39:07.21] /o false
[16:44:08.17] /o saeInterBGSaeShell:  ::sa::_backgroundSaeShell::pingBack
[16:44:08.25] /i ::sa::_backgroundSaeShell::parentRunning
[16:44:08.25] /o 1508370248
[16:44:14.67] /i ::sa::_backgroundSaeShell::exit
[16:44:14.67] /o saeInterBGSaeShell:  ::sa::_backgroundSaeShell::childFormallyExiting
[16:44:14.96] /m Information: License 'Schematic' checked in. (LICENSE-004)
[16:44:14.96] /m Information: License 'SAE' checked in. (LICENSE-004)
